{"total": {"lines":{"total":3758,"covered":1377,"skipped":0,"pct":36.64},"statements":{"total":4339,"covered":1570,"skipped":0,"pct":36.18},"functions":{"total":1286,"covered":387,"skipped":0,"pct":30.09},"branches":{"total":3264,"covered":978,"skipped":0,"pct":29.96},"branchesTrue":{"total":0,"covered":0,"skipped":0,"pct":100}}
,"/Users/jasonfill/Documents/software/personal/whizzo_app/apps/web/src/App.tsx": {"lines":{"total":49,"covered":0,"skipped":0,"pct":0},"functions":{"total":8,"covered":0,"skipped":0,"pct":0},"statements":{"total":51,"covered":0,"skipped":0,"pct":0},"branches":{"total":41,"covered":0,"skipped":0,"pct":0}}
,"/Users/jasonfill/Documents/software/personal/whizzo_app/apps/web/src/routes.ts": {"lines":{"total":0,"covered":0,"skipped":0,"pct":100},"functions":{"total":0,"covered":0,"skipped":0,"pct":100},"statements":{"total":0,"covered":0,"skipped":0,"pct":100},"branches":{"total":0,"covered":0,"skipped":0,"pct":100}}
,"/Users/jasonfill/Documents/software/personal/whizzo_app/apps/web/src/auth/AuthProvider.tsx": {"lines":{"total":106,"covered":0,"skipped":0,"pct":0},"functions":{"total":22,"covered":0,"skipped":0,"pct":0},"statements":{"total":129,"covered":0,"skipped":0,"pct":0},"branches":{"total":92,"covered":0,"skipped":0,"pct":0}}
,"/Users/jasonfill/Documents/software/personal/whizzo_app/apps/web/src/auth/AuthScreen.tsx": {"lines":{"total":107,"covered":0,"skipped":0,"pct":0},"functions":{"total":23,"covered":0,"skipped":0,"pct":0},"statements":{"total":109,"covered":0,"skipped":0,"pct":0},"branches":{"total":72,"covered":0,"skipped":0,"pct":0}}
,"/Users/jasonfill/Documents/software/personal/whizzo_app/apps/web/src/auth/signupIntent.ts": {"lines":{"total":21,"covered":20,"skipped":0,"pct":95.23},"functions":{"total":6,"covered":6,"skipped":0,"pct":100},"statements":{"total":22,"covered":21,"skipped":0,"pct":95.45},"branches":{"total":8,"covered":8,"skipped":0,"pct":100}}
,"/Users/jasonfill/Documents/software/personal/whizzo_app/apps/web/src/components/Background.tsx": {"lines":{"total":1,"covered":0,"skipped":0,"pct":0},"functions":{"total":1,"covered":0,"skipped":0,"pct":0},"statements":{"total":1,"covered":0,"skipped":0,"pct":0},"branches":{"total":0,"covered":0,"skipped":0,"pct":100}}
,"/Users/jasonfill/Documents/software/personal/whizzo_app/apps/web/src/components/Collectible.tsx": {"lines":{"total":10,"covered":10,"skipped":0,"pct":100},"functions":{"total":2,"covered":2,"skipped":0,"pct":100},"statements":{"total":11,"covered":11,"skipped":0,"pct":100},"branches":{"total":9,"covered":9,"skipped":0,"pct":100}}
,"/Users/jasonfill/Documents/software/personal/whizzo_app/apps/web/src/components/Confetti.tsx": {"lines":{"total":5,"covered":0,"skipped":0,"pct":0},"functions":{"total":4,"covered":0,"skipped":0,"pct":0},"statements":{"total":6,"covered":0,"skipped":0,"pct":0},"branches":{"total":1,"covered":0,"skipped":0,"pct":0}}
,"/Users/jasonfill/Documents/software/personal/whizzo_app/apps/web/src/components/GamePlay.tsx": {"lines":{"total":49,"covered":0,"skipped":0,"pct":0},"functions":{"total":15,"covered":0,"skipped":0,"pct":0},"statements":{"total":63,"covered":0,"skipped":0,"pct":0},"branches":{"total":50,"covered":0,"skipped":0,"pct":0}}
,"/Users/jasonfill/Documents/software/personal/whizzo_app/apps/web/src/components/Hands.tsx": {"lines":{"total":14,"covered":0,"skipped":0,"pct":0},"functions":{"total":5,"covered":0,"skipped":0,"pct":0},"statements":{"total":14,"covered":0,"skipped":0,"pct":0},"branches":{"total":30,"covered":0,"skipped":0,"pct":0}}
,"/Users/jasonfill/Documents/software/personal/whizzo_app/apps/web/src/components/Hud.tsx": {"lines":{"total":2,"covered":0,"skipped":0,"pct":0},"functions":{"total":2,"covered":0,"skipped":0,"pct":0},"statements":{"total":2,"covered":0,"skipped":0,"pct":0},"branches":{"total":4,"covered":0,"skipped":0,"pct":0}}
,"/Users/jasonfill/Documents/software/personal/whizzo_app/apps/web/src/components/Keyboard.tsx": {"lines":{"total":24,"covered":0,"skipped":0,"pct":0},"functions":{"total":5,"covered":0,"skipped":0,"pct":0},"statements":{"total":26,"covered":0,"skipped":0,"pct":0},"branches":{"total":45,"covered":0,"skipped":0,"pct":0}}
,"/Users/jasonfill/Documents/software/personal/whizzo_app/apps/web/src/components/Mascot.tsx": {"lines":{"total":45,"covered":43,"skipped":0,"pct":95.55},"functions":{"total":11,"covered":10,"skipped":0,"pct":90.9},"statements":{"total":48,"covered":45,"skipped":0,"pct":93.75},"branches":{"total":38,"covered":35,"skipped":0,"pct":92.1}}
,"/Users/jasonfill/Documents/software/personal/whizzo_app/apps/web/src/components/ResultsCard.tsx": {"lines":{"total":9,"covered":0,"skipped":0,"pct":0},"functions":{"total":6,"covered":0,"skipped":0,"pct":0},"statements":{"total":11,"covered":0,"skipped":0,"pct":0},"branches":{"total":13,"covered":0,"skipped":0,"pct":0}}
,"/Users/jasonfill/Documents/software/personal/whizzo_app/apps/web/src/components/TypingText.tsx": {"lines":{"total":9,"covered":0,"skipped":0,"pct":0},"functions":{"total":2,"covered":0,"skipped":0,"pct":0},"statements":{"total":10,"covered":0,"skipped":0,"pct":0},"branches":{"total":12,"covered":0,"skipped":0,"pct":0}}
,"/Users/jasonfill/Documents/software/personal/whizzo_app/apps/web/src/components/Wordmark.tsx": {"lines":{"total":2,"covered":0,"skipped":0,"pct":0},"functions":{"total":1,"covered":0,"skipped":0,"pct":0},"statements":{"total":2,"covered":0,"skipped":0,"pct":0},"branches":{"total":5,"covered":0,"skipped":0,"pct":0}}
,"/Users/jasonfill/Documents/software/personal/whizzo_app/apps/web/src/components/ui.tsx": {"lines":{"total":7,"covered":7,"skipped":0,"pct":100},"functions":{"total":6,"covered":6,"skipped":0,"pct":100},"statements":{"total":7,"covered":7,"skipped":0,"pct":100},"branches":{"total":8,"covered":8,"skipped":0,"pct":100}}
,"/Users/jasonfill/Documents/software/personal/whizzo_app/apps/web/src/components/suite/AccountChip.tsx": {"lines":{"total":5,"covered":0,"skipped":0,"pct":0},"functions":{"total":1,"covered":0,"skipped":0,"pct":0},"statements":{"total":5,"covered":0,"skipped":0,"pct":0},"branches":{"total":17,"covered":0,"skipped":0,"pct":0}}
,"/Users/jasonfill/Documents/software/personal/whizzo_app/apps/web/src/components/suite/ChildSwitcher.tsx": {"lines":{"total":6,"covered":0,"skipped":0,"pct":0},"functions":{"total":3,"covered":0,"skipped":0,"pct":0},"statements":{"total":7,"covered":0,"skipped":0,"pct":0},"branches":{"total":13,"covered":0,"skipped":0,"pct":0}}
,"/Users/jasonfill/Documents/software/personal/whizzo_app/apps/web/src/components/suite/ConnectTutor.tsx": {"lines":{"total":39,"covered":0,"skipped":0,"pct":0},"functions":{"total":9,"covered":0,"skipped":0,"pct":0},"statements":{"total":42,"covered":0,"skipped":0,"pct":0},"branches":{"total":35,"covered":0,"skipped":0,"pct":0}}
,"/Users/jasonfill/Documents/software/personal/whizzo_app/apps/web/src/components/suite/LearnerChip.tsx": {"lines":{"total":23,"covered":0,"skipped":0,"pct":0},"functions":{"total":10,"covered":0,"skipped":0,"pct":0},"statements":{"total":28,"covered":0,"skipped":0,"pct":0},"branches":{"total":27,"covered":0,"skipped":0,"pct":0}}
,"/Users/jasonfill/Documents/software/personal/whizzo_app/apps/web/src/components/suite/MasteryBar.tsx": {"lines":{"total":3,"covered":3,"skipped":0,"pct":100},"functions":{"total":3,"covered":3,"skipped":0,"pct":100},"statements":{"total":4,"covered":4,"skipped":0,"pct":100},"branches":{"total":3,"covered":3,"skipped":0,"pct":100}}
,"/Users/jasonfill/Documents/software/personal/whizzo_app/apps/web/src/components/suite/MyTutorCode.tsx": {"lines":{"total":37,"covered":0,"skipped":0,"pct":0},"functions":{"total":11,"covered":0,"skipped":0,"pct":0},"statements":{"total":40,"covered":0,"skipped":0,"pct":0},"branches":{"total":24,"covered":0,"skipped":0,"pct":0}}
,"/Users/jasonfill/Documents/software/personal/whizzo_app/apps/web/src/components/suite/ScreenHeader.tsx": {"lines":{"total":1,"covered":0,"skipped":0,"pct":0},"functions":{"total":1,"covered":0,"skipped":0,"pct":0},"statements":{"total":1,"covered":0,"skipped":0,"pct":0},"branches":{"total":5,"covered":0,"skipped":0,"pct":0}}
,"/Users/jasonfill/Documents/software/personal/whizzo_app/apps/web/src/components/suite/SessionDetail.tsx": {"lines":{"total":48,"covered":0,"skipped":0,"pct":0},"functions":{"total":11,"covered":0,"skipped":0,"pct":0},"statements":{"total":55,"covered":0,"skipped":0,"pct":0},"branches":{"total":52,"covered":0,"skipped":0,"pct":0}}
,"/Users/jasonfill/Documents/software/personal/whizzo_app/apps/web/src/components/suite/SharedWork.tsx": {"lines":{"total":26,"covered":0,"skipped":0,"pct":0},"functions":{"total":9,"covered":0,"skipped":0,"pct":0},"statements":{"total":31,"covered":0,"skipped":0,"pct":0},"branches":{"total":26,"covered":0,"skipped":0,"pct":0}}
,"/Users/jasonfill/Documents/software/personal/whizzo_app/apps/web/src/components/suite/ThemeChoice.tsx": {"lines":{"total":20,"covered":20,"skipped":0,"pct":100},"functions":{"total":4,"covered":4,"skipped":0,"pct":100},"statements":{"total":20,"covered":20,"skipped":0,"pct":100},"branches":{"total":15,"covered":15,"skipped":0,"pct":100}}
,"/Users/jasonfill/Documents/software/personal/whizzo_app/apps/web/src/components/suite/VoicePicker.tsx": {"lines":{"total":14,"covered":0,"skipped":0,"pct":0},"functions":{"total":7,"covered":0,"skipped":0,"pct":0},"statements":{"total":17,"covered":0,"skipped":0,"pct":0},"branches":{"total":9,"covered":0,"skipped":0,"pct":0}}
,"/Users/jasonfill/Documents/software/personal/whizzo_app/apps/web/src/hooks/useAssignments.ts": {"lines":{"total":25,"covered":0,"skipped":0,"pct":0},"functions":{"total":7,"covered":0,"skipped":0,"pct":0},"statements":{"total":31,"covered":0,"skipped":0,"pct":0},"branches":{"total":10,"covered":0,"skipped":0,"pct":0}}
,"/Users/jasonfill/Documents/software/personal/whizzo_app/apps/web/src/hooks/useGameState.ts": {"lines":{"total":59,"covered":57,"skipped":0,"pct":96.61},"functions":{"total":21,"covered":20,"skipped":0,"pct":95.23},"statements":{"total":65,"covered":63,"skipped":0,"pct":96.92},"branches":{"total":26,"covered":24,"skipped":0,"pct":92.3}}
,"/Users/jasonfill/Documents/software/personal/whizzo_app/apps/web/src/hooks/useQuizSession.ts": {"lines":{"total":172,"covered":168,"skipped":0,"pct":97.67},"functions":{"total":28,"covered":26,"skipped":0,"pct":92.85},"statements":{"total":188,"covered":180,"skipped":0,"pct":95.74},"branches":{"total":113,"covered":99,"skipped":0,"pct":87.61}}
,"/Users/jasonfill/Documents/software/personal/whizzo_app/apps/web/src/hooks/useSpellingSession.ts": {"lines":{"total":122,"covered":114,"skipped":0,"pct":93.44},"functions":{"total":25,"covered":21,"skipped":0,"pct":84},"statements":{"total":135,"covered":124,"skipped":0,"pct":91.85},"branches":{"total":73,"covered":48,"skipped":0,"pct":65.75}}
,"/Users/jasonfill/Documents/software/personal/whizzo_app/apps/web/src/hooks/useTypingEngine.ts": {"lines":{"total":61,"covered":61,"skipped":0,"pct":100},"functions":{"total":12,"covered":11,"skipped":0,"pct":91.66},"statements":{"total":70,"covered":69,"skipped":0,"pct":98.57},"branches":{"total":35,"covered":33,"skipped":0,"pct":94.28}}
,"/Users/jasonfill/Documents/software/personal/whizzo_app/apps/web/src/lib/adaptive.ts": {"lines":{"total":68,"covered":68,"skipped":0,"pct":100},"functions":{"total":17,"covered":17,"skipped":0,"pct":100},"statements":{"total":79,"covered":79,"skipped":0,"pct":100},"branches":{"total":86,"covered":85,"skipped":0,"pct":98.83}}
,"/Users/jasonfill/Documents/software/personal/whizzo_app/apps/web/src/lib/content.ts": {"lines":{"total":65,"covered":64,"skipped":0,"pct":98.46},"functions":{"total":19,"covered":19,"skipped":0,"pct":100},"statements":{"total":83,"covered":82,"skipped":0,"pct":98.79},"branches":{"total":39,"covered":35,"skipped":0,"pct":89.74}}
,"/Users/jasonfill/Documents/software/personal/whizzo_app/apps/web/src/lib/facts.ts": {"lines":{"total":2,"covered":0,"skipped":0,"pct":0},"functions":{"total":1,"covered":0,"skipped":0,"pct":0},"statements":{"total":2,"covered":0,"skipped":0,"pct":0},"branches":{"total":0,"covered":0,"skipped":0,"pct":100}}
,"/Users/jasonfill/Documents/software/personal/whizzo_app/apps/web/src/lib/plans.ts": {"lines":{"total":5,"covered":5,"skipped":0,"pct":100},"functions":{"total":3,"covered":3,"skipped":0,"pct":100},"statements":{"total":5,"covered":5,"skipped":0,"pct":100},"branches":{"total":4,"covered":4,"skipped":0,"pct":100}}
,"/Users/jasonfill/Documents/software/personal/whizzo_app/apps/web/src/lib/sound.ts": {"lines":{"total":39,"covered":0,"skipped":0,"pct":0},"functions":{"total":16,"covered":0,"skipped":0,"pct":0},"statements":{"total":49,"covered":0,"skipped":0,"pct":0},"branches":{"total":19,"covered":0,"skipped":0,"pct":0}}
,"/Users/jasonfill/Documents/software/personal/whizzo_app/apps/web/src/lib/stats.ts": {"lines":{"total":22,"covered":22,"skipped":0,"pct":100},"functions":{"total":5,"covered":5,"skipped":0,"pct":100},"statements":{"total":34,"covered":33,"skipped":0,"pct":97.05},"branches":{"total":28,"covered":27,"skipped":0,"pct":96.42}}
,"/Users/jasonfill/Documents/software/personal/whizzo_app/apps/web/src/lib/storage.ts": {"lines":{"total":12,"covered":11,"skipped":0,"pct":91.66},"functions":{"total":3,"covered":3,"skipped":0,"pct":100},"statements":{"total":13,"covered":12,"skipped":0,"pct":92.3},"branches":{"total":4,"covered":3,"skipped":0,"pct":75}}
,"/Users/jasonfill/Documents/software/personal/whizzo_app/apps/web/src/lib/supabase.ts": {"lines":{"total":6,"covered":4,"skipped":0,"pct":66.66},"functions":{"total":1,"covered":0,"skipped":0,"pct":0},"statements":{"total":7,"covered":4,"skipped":0,"pct":57.14},"branches":{"total":6,"covered":3,"skipped":0,"pct":50}}
,"/Users/jasonfill/Documents/software/personal/whizzo_app/apps/web/src/lib/themes.ts": {"lines":{"total":35,"covered":26,"skipped":0,"pct":74.28},"functions":{"total":19,"covered":16,"skipped":0,"pct":84.21},"statements":{"total":41,"covered":30,"skipped":0,"pct":73.17},"branches":{"total":38,"covered":26,"skipped":0,"pct":68.42}}
,"/Users/jasonfill/Documents/software/personal/whizzo_app/apps/web/src/lib/api/client.ts": {"lines":{"total":36,"covered":2,"skipped":0,"pct":5.55},"functions":{"total":10,"covered":0,"skipped":0,"pct":0},"statements":{"total":41,"covered":2,"skipped":0,"pct":4.87},"branches":{"total":28,"covered":0,"skipped":0,"pct":0}}
,"/Users/jasonfill/Documents/software/personal/whizzo_app/apps/web/src/lib/assignments/api.ts": {"lines":{"total":13,"covered":0,"skipped":0,"pct":0},"functions":{"total":8,"covered":0,"skipped":0,"pct":0},"statements":{"total":13,"covered":0,"skipped":0,"pct":0},"branches":{"total":1,"covered":0,"skipped":0,"pct":0}}
,"/Users/jasonfill/Documents/software/personal/whizzo_app/apps/web/src/lib/assignments/library.ts": {"lines":{"total":7,"covered":0,"skipped":0,"pct":0},"functions":{"total":5,"covered":0,"skipped":0,"pct":0},"statements":{"total":7,"covered":0,"skipped":0,"pct":0},"branches":{"total":0,"covered":0,"skipped":0,"pct":100}}
,"/Users/jasonfill/Documents/software/personal/whizzo_app/apps/web/src/lib/assignments/routing.ts": {"lines":{"total":24,"covered":24,"skipped":0,"pct":100},"functions":{"total":10,"covered":10,"skipped":0,"pct":100},"statements":{"total":35,"covered":35,"skipped":0,"pct":100},"branches":{"total":36,"covered":36,"skipped":0,"pct":100}}
,"/Users/jasonfill/Documents/software/personal/whizzo_app/apps/web/src/lib/learners/LearnerProvider.tsx": {"lines":{"total":57,"covered":47,"skipped":0,"pct":82.45},"functions":{"total":16,"covered":13,"skipped":0,"pct":81.25},"statements":{"total":67,"covered":52,"skipped":0,"pct":77.61},"branches":{"total":32,"covered":24,"skipped":0,"pct":75}}
,"/Users/jasonfill/Documents/software/personal/whizzo_app/apps/web/src/lib/learners/api.ts": {"lines":{"total":25,"covered":0,"skipped":0,"pct":0},"functions":{"total":16,"covered":0,"skipped":0,"pct":0},"statements":{"total":25,"covered":0,"skipped":0,"pct":0},"branches":{"total":7,"covered":0,"skipped":0,"pct":0}}
,"/Users/jasonfill/Documents/software/personal/whizzo_app/apps/web/src/lib/learners/index.ts": {"lines":{"total":0,"covered":0,"skipped":0,"pct":100},"functions":{"total":0,"covered":0,"skipped":0,"pct":100},"statements":{"total":0,"covered":0,"skipped":0,"pct":100},"branches":{"total":0,"covered":0,"skipped":0,"pct":100}}
,"/Users/jasonfill/Documents/software/personal/whizzo_app/apps/web/src/lib/progress/ProgressProvider.tsx": {"lines":{"total":105,"covered":65,"skipped":0,"pct":61.9},"functions":{"total":27,"covered":8,"skipped":0,"pct":29.62},"statements":{"total":129,"covered":68,"skipped":0,"pct":52.71},"branches":{"total":50,"covered":28,"skipped":0,"pct":56}}
,"/Users/jasonfill/Documents/software/personal/whizzo_app/apps/web/src/lib/progress/apiRepo.ts": {"lines":{"total":30,"covered":0,"skipped":0,"pct":0},"functions":{"total":10,"covered":0,"skipped":0,"pct":0},"statements":{"total":34,"covered":0,"skipped":0,"pct":0},"branches":{"total":12,"covered":0,"skipped":0,"pct":0}}
,"/Users/jasonfill/Documents/software/personal/whizzo_app/apps/web/src/lib/progress/export.ts": {"lines":{"total":14,"covered":7,"skipped":0,"pct":50},"functions":{"total":5,"covered":4,"skipped":0,"pct":80},"statements":{"total":15,"covered":8,"skipped":0,"pct":53.33},"branches":{"total":8,"covered":7,"skipped":0,"pct":87.5}}
,"/Users/jasonfill/Documents/software/personal/whizzo_app/apps/web/src/lib/progress/localRepo.ts": {"lines":{"total":34,"covered":23,"skipped":0,"pct":67.64},"functions":{"total":12,"covered":7,"skipped":0,"pct":58.33},"statements":{"total":37,"covered":24,"skipped":0,"pct":64.86},"branches":{"total":8,"covered":5,"skipped":0,"pct":62.5}}
,"/Users/jasonfill/Documents/software/personal/whizzo_app/apps/web/src/lib/progress/repo.ts": {"lines":{"total":83,"covered":66,"skipped":0,"pct":79.51},"functions":{"total":17,"covered":8,"skipped":0,"pct":47.05},"statements":{"total":97,"covered":73,"skipped":0,"pct":75.25},"branches":{"total":91,"covered":57,"skipped":0,"pct":62.63}}
,"/Users/jasonfill/Documents/software/personal/whizzo_app/apps/web/src/lib/progress/summary.ts": {"lines":{"total":9,"covered":9,"skipped":0,"pct":100},"functions":{"total":5,"covered":5,"skipped":0,"pct":100},"statements":{"total":12,"covered":12,"skipped":0,"pct":100},"branches":{"total":4,"covered":4,"skipped":0,"pct":100}}
,"/Users/jasonfill/Documents/software/personal/whizzo_app/apps/web/src/lib/progress/types.ts": {"lines":{"total":0,"covered":0,"skipped":0,"pct":100},"functions":{"total":0,"covered":0,"skipped":0,"pct":100},"statements":{"total":0,"covered":0,"skipped":0,"pct":100},"branches":{"total":0,"covered":0,"skipped":0,"pct":100}}
,"/Users/jasonfill/Documents/software/personal/whizzo_app/apps/web/src/lib/quiz/decks.ts": {"lines":{"total":87,"covered":64,"skipped":0,"pct":73.56},"functions":{"total":28,"covered":21,"skipped":0,"pct":75},"statements":{"total":113,"covered":80,"skipped":0,"pct":70.79},"branches":{"total":79,"covered":58,"skipped":0,"pct":73.41}}
,"/Users/jasonfill/Documents/software/personal/whizzo_app/apps/web/src/lib/quiz/questions.ts": {"lines":{"total":61,"covered":61,"skipped":0,"pct":100},"functions":{"total":21,"covered":21,"skipped":0,"pct":100},"statements":{"total":76,"covered":70,"skipped":0,"pct":92.1},"branches":{"total":50,"covered":42,"skipped":0,"pct":84}}
,"/Users/jasonfill/Documents/software/personal/whizzo_app/apps/web/src/lib/quiz/session.ts": {"lines":{"total":76,"covered":62,"skipped":0,"pct":81.57},"functions":{"total":23,"covered":20,"skipped":0,"pct":86.95},"statements":{"total":96,"covered":72,"skipped":0,"pct":75},"branches":{"total":90,"covered":48,"skipped":0,"pct":53.33}}
,"/Users/jasonfill/Documents/software/personal/whizzo_app/apps/web/src/lib/spelling/activities.ts": {"lines":{"total":116,"covered":106,"skipped":0,"pct":91.37},"functions":{"total":48,"covered":47,"skipped":0,"pct":97.91},"statements":{"total":139,"covered":125,"skipped":0,"pct":89.92},"branches":{"total":115,"covered":103,"skipped":0,"pct":89.56}}
,"/Users/jasonfill/Documents/software/personal/whizzo_app/apps/web/src/lib/spelling/session.ts": {"lines":{"total":74,"covered":61,"skipped":0,"pct":82.43},"functions":{"total":32,"covered":22,"skipped":0,"pct":68.75},"statements":{"total":93,"covered":76,"skipped":0,"pct":81.72},"branches":{"total":50,"covered":41,"skipped":0,"pct":82}}
,"/Users/jasonfill/Documents/software/personal/whizzo_app/apps/web/src/lib/spelling/speech.ts": {"lines":{"total":84,"covered":0,"skipped":0,"pct":0},"functions":{"total":31,"covered":0,"skipped":0,"pct":0},"statements":{"total":110,"covered":0,"skipped":0,"pct":0},"branches":{"total":64,"covered":0,"skipped":0,"pct":0}}
,"/Users/jasonfill/Documents/software/personal/whizzo_app/apps/web/src/lib/spelling/stats.ts": {"lines":{"total":24,"covered":20,"skipped":0,"pct":83.33},"functions":{"total":17,"covered":15,"skipped":0,"pct":88.23},"statements":{"total":26,"covered":22,"skipped":0,"pct":84.61},"branches":{"total":19,"covered":17,"skipped":0,"pct":89.47}}
,"/Users/jasonfill/Documents/software/personal/whizzo_app/apps/web/src/lib/theme/ThemeProvider.tsx": {"lines":{"total":49,"covered":42,"skipped":0,"pct":85.71},"functions":{"total":11,"covered":10,"skipped":0,"pct":90.9},"statements":{"total":51,"covered":43,"skipped":0,"pct":84.31},"branches":{"total":29,"covered":28,"skipped":0,"pct":96.55}}
,"/Users/jasonfill/Documents/software/personal/whizzo_app/apps/web/src/lib/theme/rewards.ts": {"lines":{"total":15,"covered":15,"skipped":0,"pct":100},"functions":{"total":4,"covered":4,"skipped":0,"pct":100},"statements":{"total":19,"covered":19,"skipped":0,"pct":100},"branches":{"total":16,"covered":15,"skipped":0,"pct":93.75}}
,"/Users/jasonfill/Documents/software/personal/whizzo_app/apps/web/src/screens/CatRainScreen.tsx": {"lines":{"total":119,"covered":0,"skipped":0,"pct":0},"functions":{"total":22,"covered":0,"skipped":0,"pct":0},"statements":{"total":141,"covered":0,"skipped":0,"pct":0},"branches":{"total":77,"covered":0,"skipped":0,"pct":0}}
,"/Users/jasonfill/Documents/software/personal/whizzo_app/apps/web/src/screens/LessonScreen.tsx": {"lines":{"total":24,"covered":0,"skipped":0,"pct":0},"functions":{"total":9,"covered":0,"skipped":0,"pct":0},"statements":{"total":25,"covered":0,"skipped":0,"pct":0},"branches":{"total":8,"covered":0,"skipped":0,"pct":0}}
,"/Users/jasonfill/Documents/software/personal/whizzo_app/apps/web/src/screens/PracticeScreen.tsx": {"lines":{"total":32,"covered":0,"skipped":0,"pct":0},"functions":{"total":18,"covered":0,"skipped":0,"pct":0},"statements":{"total":39,"covered":0,"skipped":0,"pct":0},"branches":{"total":18,"covered":0,"skipped":0,"pct":0}}
,"/Users/jasonfill/Documents/software/personal/whizzo_app/apps/web/src/screens/SettingsScreen.tsx": {"lines":{"total":17,"covered":0,"skipped":0,"pct":0},"functions":{"total":10,"covered":0,"skipped":0,"pct":0},"statements":{"total":18,"covered":0,"skipped":0,"pct":0},"branches":{"total":10,"covered":0,"skipped":0,"pct":0}}
,"/Users/jasonfill/Documents/software/personal/whizzo_app/apps/web/src/screens/TrophyRoom.tsx": {"lines":{"total":21,"covered":0,"skipped":0,"pct":0},"functions":{"total":16,"covered":0,"skipped":0,"pct":0},"statements":{"total":23,"covered":0,"skipped":0,"pct":0},"branches":{"total":20,"covered":0,"skipped":0,"pct":0}}
,"/Users/jasonfill/Documents/software/personal/whizzo_app/apps/web/src/screens/TypingHome.tsx": {"lines":{"total":16,"covered":0,"skipped":0,"pct":0},"functions":{"total":12,"covered":0,"skipped":0,"pct":0},"statements":{"total":18,"covered":0,"skipped":0,"pct":0},"branches":{"total":2,"covered":0,"skipped":0,"pct":0}}
,"/Users/jasonfill/Documents/software/personal/whizzo_app/apps/web/src/screens/WorldMap.tsx": {"lines":{"total":14,"covered":0,"skipped":0,"pct":0},"functions":{"total":7,"covered":0,"skipped":0,"pct":0},"statements":{"total":16,"covered":0,"skipped":0,"pct":0},"branches":{"total":10,"covered":0,"skipped":0,"pct":0}}
,"/Users/jasonfill/Documents/software/personal/whizzo_app/apps/web/src/screens/quiz/DeckEditor.tsx": {"lines":{"total":73,"covered":0,"skipped":0,"pct":0},"functions":{"total":45,"covered":0,"skipped":0,"pct":0},"statements":{"total":86,"covered":0,"skipped":0,"pct":0},"branches":{"total":64,"covered":0,"skipped":0,"pct":0}}
,"/Users/jasonfill/Documents/software/personal/whizzo_app/apps/web/src/screens/quiz/DeckScreen.tsx": {"lines":{"total":40,"covered":0,"skipped":0,"pct":0},"functions":{"total":17,"covered":0,"skipped":0,"pct":0},"statements":{"total":41,"covered":0,"skipped":0,"pct":0},"branches":{"total":30,"covered":0,"skipped":0,"pct":0}}
,"/Users/jasonfill/Documents/software/personal/whizzo_app/apps/web/src/screens/quiz/Flashcards.tsx": {"lines":{"total":43,"covered":0,"skipped":0,"pct":0},"functions":{"total":14,"covered":0,"skipped":0,"pct":0},"statements":{"total":55,"covered":0,"skipped":0,"pct":0},"branches":{"total":49,"covered":0,"skipped":0,"pct":0}}
,"/Users/jasonfill/Documents/software/personal/whizzo_app/apps/web/src/screens/quiz/MatchGame.tsx": {"lines":{"total":64,"covered":0,"skipped":0,"pct":0},"functions":{"total":14,"covered":0,"skipped":0,"pct":0},"statements":{"total":72,"covered":0,"skipped":0,"pct":0},"branches":{"total":37,"covered":0,"skipped":0,"pct":0}}
,"/Users/jasonfill/Documents/software/personal/whizzo_app/apps/web/src/screens/quiz/QuestionRunner.tsx": {"lines":{"total":51,"covered":0,"skipped":0,"pct":0},"functions":{"total":17,"covered":0,"skipped":0,"pct":0},"statements":{"total":61,"covered":0,"skipped":0,"pct":0},"branches":{"total":93,"covered":0,"skipped":0,"pct":0}}
,"/Users/jasonfill/Documents/software/personal/whizzo_app/apps/web/src/screens/quiz/QuizHome.tsx": {"lines":{"total":36,"covered":0,"skipped":0,"pct":0},"functions":{"total":15,"covered":0,"skipped":0,"pct":0},"statements":{"total":39,"covered":0,"skipped":0,"pct":0},"branches":{"total":24,"covered":0,"skipped":0,"pct":0}}
,"/Users/jasonfill/Documents/software/personal/whizzo_app/apps/web/src/screens/quiz/QuizPlay.tsx": {"lines":{"total":47,"covered":0,"skipped":0,"pct":0},"functions":{"total":15,"covered":0,"skipped":0,"pct":0},"statements":{"total":54,"covered":0,"skipped":0,"pct":0},"branches":{"total":46,"covered":0,"skipped":0,"pct":0}}
,"/Users/jasonfill/Documents/software/personal/whizzo_app/apps/web/src/screens/quiz/QuizResults.tsx": {"lines":{"total":7,"covered":0,"skipped":0,"pct":0},"functions":{"total":4,"covered":0,"skipped":0,"pct":0},"statements":{"total":8,"covered":0,"skipped":0,"pct":0},"branches":{"total":22,"covered":0,"skipped":0,"pct":0}}
,"/Users/jasonfill/Documents/software/personal/whizzo_app/apps/web/src/screens/spelling/SpellingHome.tsx": {"lines":{"total":21,"covered":0,"skipped":0,"pct":0},"functions":{"total":11,"covered":0,"skipped":0,"pct":0},"statements":{"total":21,"covered":0,"skipped":0,"pct":0},"branches":{"total":14,"covered":0,"skipped":0,"pct":0}}
,"/Users/jasonfill/Documents/software/personal/whizzo_app/apps/web/src/screens/spelling/SpellingLists.tsx": {"lines":{"total":23,"covered":0,"skipped":0,"pct":0},"functions":{"total":12,"covered":0,"skipped":0,"pct":0},"statements":{"total":23,"covered":0,"skipped":0,"pct":0},"branches":{"total":20,"covered":0,"skipped":0,"pct":0}}
,"/Users/jasonfill/Documents/software/personal/whizzo_app/apps/web/src/screens/spelling/SpellingPlay.tsx": {"lines":{"total":116,"covered":0,"skipped":0,"pct":0},"functions":{"total":43,"covered":0,"skipped":0,"pct":0},"statements":{"total":138,"covered":0,"skipped":0,"pct":0},"branches":{"total":124,"covered":0,"skipped":0,"pct":0}}
,"/Users/jasonfill/Documents/software/personal/whizzo_app/apps/web/src/screens/spelling/SpellingResults.tsx": {"lines":{"total":26,"covered":0,"skipped":0,"pct":0},"functions":{"total":9,"covered":0,"skipped":0,"pct":0},"statements":{"total":34,"covered":0,"skipped":0,"pct":0},"branches":{"total":57,"covered":0,"skipped":0,"pct":0}}
,"/Users/jasonfill/Documents/software/personal/whizzo_app/apps/web/src/screens/suite/AccountScreen.tsx": {"lines":{"total":35,"covered":0,"skipped":0,"pct":0},"functions":{"total":18,"covered":0,"skipped":0,"pct":0},"statements":{"total":38,"covered":0,"skipped":0,"pct":0},"branches":{"total":40,"covered":0,"skipped":0,"pct":0}}
,"/Users/jasonfill/Documents/software/personal/whizzo_app/apps/web/src/screens/suite/AssignForm.tsx": {"lines":{"total":54,"covered":0,"skipped":0,"pct":0},"functions":{"total":24,"covered":0,"skipped":0,"pct":0},"statements":{"total":62,"covered":0,"skipped":0,"pct":0},"branches":{"total":64,"covered":0,"skipped":0,"pct":0}}
,"/Users/jasonfill/Documents/software/personal/whizzo_app/apps/web/src/screens/suite/CustomListsScreen.tsx": {"lines":{"total":48,"covered":0,"skipped":0,"pct":0},"functions":{"total":22,"covered":0,"skipped":0,"pct":0},"statements":{"total":52,"covered":0,"skipped":0,"pct":0},"branches":{"total":40,"covered":0,"skipped":0,"pct":0}}
,"/Users/jasonfill/Documents/software/personal/whizzo_app/apps/web/src/screens/suite/FamilyScreen.tsx": {"lines":{"total":159,"covered":0,"skipped":0,"pct":0},"functions":{"total":63,"covered":0,"skipped":0,"pct":0},"statements":{"total":175,"covered":0,"skipped":0,"pct":0},"branches":{"total":147,"covered":0,"skipped":0,"pct":0}}
,"/Users/jasonfill/Documents/software/personal/whizzo_app/apps/web/src/screens/suite/LibraryScreen.tsx": {"lines":{"total":62,"covered":0,"skipped":0,"pct":0},"functions":{"total":23,"covered":0,"skipped":0,"pct":0},"statements":{"total":66,"covered":0,"skipped":0,"pct":0},"branches":{"total":21,"covered":0,"skipped":0,"pct":0}}
,"/Users/jasonfill/Documents/software/personal/whizzo_app/apps/web/src/screens/suite/ProgressScreen.tsx": {"lines":{"total":80,"covered":0,"skipped":0,"pct":0},"functions":{"total":35,"covered":0,"skipped":0,"pct":0},"statements":{"total":96,"covered":0,"skipped":0,"pct":0},"branches":{"total":118,"covered":0,"skipped":0,"pct":0}}
,"/Users/jasonfill/Documents/software/personal/whizzo_app/apps/web/src/screens/suite/SuiteHome.tsx": {"lines":{"total":48,"covered":0,"skipped":0,"pct":0},"functions":{"total":29,"covered":0,"skipped":0,"pct":0},"statements":{"total":50,"covered":0,"skipped":0,"pct":0},"branches":{"total":55,"covered":0,"skipped":0,"pct":0}}
,"/Users/jasonfill/Documents/software/personal/whizzo_app/apps/web/src/screens/suite/TasksScreen.tsx": {"lines":{"total":42,"covered":0,"skipped":0,"pct":0},"functions":{"total":20,"covered":0,"skipped":0,"pct":0},"statements":{"total":47,"covered":0,"skipped":0,"pct":0},"branches":{"total":62,"covered":0,"skipped":0,"pct":0}}
,"/Users/jasonfill/Documents/software/personal/whizzo_app/apps/web/src/screens/suite/UpgradeScreen.tsx": {"lines":{"total":10,"covered":0,"skipped":0,"pct":0},"functions":{"total":6,"covered":0,"skipped":0,"pct":0},"statements":{"total":10,"covered":0,"skipped":0,"pct":0},"branches":{"total":13,"covered":0,"skipped":0,"pct":0}}
,"/Users/jasonfill/Documents/software/personal/whizzo_app/apps/web/src/screens/theme/ThemePicker.tsx": {"lines":{"total":12,"covered":0,"skipped":0,"pct":0},"functions":{"total":7,"covered":0,"skipped":0,"pct":0},"statements":{"total":12,"covered":0,"skipped":0,"pct":0},"branches":{"total":9,"covered":0,"skipped":0,"pct":0}}
,"/Users/jasonfill/Documents/software/personal/whizzo_app/apps/web/src/screens/theme/WorldScreen.tsx": {"lines":{"total":20,"covered":0,"skipped":0,"pct":0},"functions":{"total":8,"covered":0,"skipped":0,"pct":0},"statements":{"total":20,"covered":0,"skipped":0,"pct":0},"branches":{"total":46,"covered":0,"skipped":0,"pct":0}}
}
