{"total": {"lines":{"total":796,"covered":145,"skipped":0,"pct":18.21},"statements":{"total":863,"covered":159,"skipped":0,"pct":18.42},"functions":{"total":167,"covered":34,"skipped":0,"pct":20.35},"branches":{"total":449,"covered":98,"skipped":0,"pct":21.82},"branchesTrue":{"total":0,"covered":0,"skipped":0,"pct":100}}
,"/Users/jasonfill/Documents/software/personal/whizzo_app/apps/api/src/auth.ts": {"lines":{"total":25,"covered":23,"skipped":0,"pct":92},"functions":{"total":4,"covered":4,"skipped":0,"pct":100},"statements":{"total":29,"covered":26,"skipped":0,"pct":89.65},"branches":{"total":21,"covered":16,"skipped":0,"pct":76.19}}
,"/Users/jasonfill/Documents/software/personal/whizzo_app/apps/api/src/db.ts": {"lines":{"total":31,"covered":0,"skipped":0,"pct":0},"functions":{"total":5,"covered":0,"skipped":0,"pct":0},"statements":{"total":31,"covered":0,"skipped":0,"pct":0},"branches":{"total":10,"covered":0,"skipped":0,"pct":0}}
,"/Users/jasonfill/Documents/software/personal/whizzo_app/apps/api/src/env.ts": {"lines":{"total":40,"covered":0,"skipped":0,"pct":0},"functions":{"total":6,"covered":0,"skipped":0,"pct":0},"statements":{"total":44,"covered":0,"skipped":0,"pct":0},"branches":{"total":28,"covered":0,"skipped":0,"pct":0}}
,"/Users/jasonfill/Documents/software/personal/whizzo_app/apps/api/src/errors.ts": {"lines":{"total":18,"covered":18,"skipped":0,"pct":100},"functions":{"total":7,"covered":7,"skipped":0,"pct":100},"statements":{"total":23,"covered":23,"skipped":0,"pct":100},"branches":{"total":21,"covered":20,"skipped":0,"pct":95.23}}
,"/Users/jasonfill/Documents/software/personal/whizzo_app/apps/api/src/mappers.ts": {"lines":{"total":4,"covered":4,"skipped":0,"pct":100},"functions":{"total":3,"covered":3,"skipped":0,"pct":100},"statements":{"total":5,"covered":4,"skipped":0,"pct":80},"branches":{"total":22,"covered":17,"skipped":0,"pct":77.27}}
,"/Users/jasonfill/Documents/software/personal/whizzo_app/apps/api/src/migrate.ts": {"lines":{"total":89,"covered":0,"skipped":0,"pct":0},"functions":{"total":10,"covered":0,"skipped":0,"pct":0},"statements":{"total":96,"covered":0,"skipped":0,"pct":0},"branches":{"total":34,"covered":0,"skipped":0,"pct":0}}
,"/Users/jasonfill/Documents/software/personal/whizzo_app/apps/api/src/progressMappers.ts": {"lines":{"total":25,"covered":16,"skipped":0,"pct":64},"functions":{"total":16,"covered":8,"skipped":0,"pct":50},"statements":{"total":29,"covered":18,"skipped":0,"pct":62.06},"branches":{"total":50,"covered":26,"skipped":0,"pct":52}}
,"/Users/jasonfill/Documents/software/personal/whizzo_app/apps/api/src/schemas.ts": {"lines":{"total":20,"covered":19,"skipped":0,"pct":95},"functions":{"total":1,"covered":0,"skipped":0,"pct":0},"statements":{"total":20,"covered":19,"skipped":0,"pct":95},"branches":{"total":0,"covered":0,"skipped":0,"pct":100}}
,"/Users/jasonfill/Documents/software/personal/whizzo_app/apps/api/src/sql.ts": {"lines":{"total":12,"covered":0,"skipped":0,"pct":0},"functions":{"total":3,"covered":0,"skipped":0,"pct":0},"statements":{"total":14,"covered":0,"skipped":0,"pct":0},"branches":{"total":3,"covered":0,"skipped":0,"pct":0}}
,"/Users/jasonfill/Documents/software/personal/whizzo_app/apps/api/src/routes/childLogin.ts": {"lines":{"total":83,"covered":0,"skipped":0,"pct":0},"functions":{"total":15,"covered":0,"skipped":0,"pct":0},"statements":{"total":91,"covered":0,"skipped":0,"pct":0},"branches":{"total":41,"covered":0,"skipped":0,"pct":0}}
,"/Users/jasonfill/Documents/software/personal/whizzo_app/apps/api/src/routes/devLogin.ts": {"lines":{"total":39,"covered":0,"skipped":0,"pct":0},"functions":{"total":5,"covered":0,"skipped":0,"pct":0},"statements":{"total":44,"covered":0,"skipped":0,"pct":0},"branches":{"total":45,"covered":0,"skipped":0,"pct":0}}
,"/Users/jasonfill/Documents/software/personal/whizzo_app/apps/api/src/routes/learners.ts": {"lines":{"total":149,"covered":65,"skipped":0,"pct":43.62},"functions":{"total":38,"covered":12,"skipped":0,"pct":31.57},"statements":{"total":161,"covered":69,"skipped":0,"pct":42.85},"branches":{"total":64,"covered":19,"skipped":0,"pct":29.68}}
,"/Users/jasonfill/Documents/software/personal/whizzo_app/apps/api/src/routes/progress.ts": {"lines":{"total":261,"covered":0,"skipped":0,"pct":0},"functions":{"total":54,"covered":0,"skipped":0,"pct":0},"statements":{"total":276,"covered":0,"skipped":0,"pct":0},"branches":{"total":110,"covered":0,"skipped":0,"pct":0}}
}
